# JRE version: Java(TM) SE Runtime Environment (17.0.4+11) (build 17.0.4+11-LTS-179)
# Java VM: Java HotSpot(TM) 64-Bit Server VM (17.0.4+11-LTS-179, mixed mode, sharing, tiered, compressed oops, compressed class ptrs, g1 gc, windows-amd64)
GC Precious Log:
 CPUs: 12 total, 12 available
 Memory: 16241M
 Large Page Support: Disabled
 NUMA Support: Disabled
 Compressed Oops: Enabled (32-bit)
 Heap Region Size: 1M
 Heap Min Capacity: 8M
 Heap Initial Capacity: 254M
 Heap Max Capacity: 2G
 Pre-touch: Disabled
 Parallel Workers: 10
 Concurrent Workers: 3
 Concurrent Refinement Workers: 10
 Periodic GC: Disabled
Heap:
 garbage-first heap   total 261120K, used 142876K [0x0000000080000000, 0x0000000100000000)
  region size 1024K, 18 young (18432K), 10 survivors (10240K)
 Metaspace       used 89729K, committed 90816K, reserved 503808K
  class space    used 12515K, committed 12992K, reserved 421888K
GC Heap History (20 events):
Event: 26.429 GC heap before
{Heap before GC invocations=23 (full 0):
 garbage-first heap   total 164864K, used 129186K [0x0000000080000000, 0x0000000100000000)
  region size 1024K, 63 young (64512K), 10 survivors (10240K)
 Metaspace       used 72431K, committed 73152K, reserved 487424K
  class space    used 9901K, committed 10240K, reserved 421888K
}
Event: 26.436 GC heap after
{Heap after GC invocations=24 (full 0):
 garbage-first heap   total 164864K, used 80213K [0x0000000080000000, 0x0000000100000000)
  region size 1024K, 5 young (5120K), 5 survivors (5120K)
 Metaspace       used 72431K, committed 73152K, reserved 487424K
  class space    used 9901K, committed 10240K, reserved 421888K
}
Event: 26.726 GC heap before
{Heap before GC invocations=24 (full 0):
 garbage-first heap   total 164864K, used 131413K [0x0000000080000000, 0x0000000100000000)
  region size 1024K, 55 young (56320K), 5 survivors (5120K)
 Metaspace       used 73098K, committed 73920K, reserved 487424K
  class space    used 10010K, committed 10368K, reserved 421888K
}
Event: 26.733 GC heap after
{Heap after GC invocations=25 (full 0):
 garbage-first heap   total 164864K, used 87106K [0x0000000080000000, 0x0000000100000000)
  region size 1024K, 7 young (7168K), 7 survivors (7168K)
 Metaspace       used 73098K, committed 73920K, reserved 487424K
  class space    used 10010K, committed 10368K, reserved 421888K
}
Event: 43.699 GC heap before
{Heap before GC invocations=26 (full 0):
 garbage-first heap   total 164864K, used 133186K [0x0000000080000000, 0x0000000100000000)
  region size 1024K, 52 young (53248K), 7 survivors (7168K)
 Metaspace       used 78079K, committed 78848K, reserved 495616K
  class space    used 10868K, committed 11200K, reserved 421888K
}
Event: 43.706 GC heap after
{Heap after GC invocations=27 (full 0):
 garbage-first heap   total 164864K, used 90926K [0x0000000080000000, 0x0000000100000000)
  region size 1024K, 4 young (4096K), 4 survivors (4096K)
 Metaspace       used 78079K, committed 78848K, reserved 495616K
  class space    used 10868K, committed 11200K, reserved 421888K
}
Event: 43.756 GC heap before
{Heap before GC invocations=27 (full 0):
 garbage-first heap   total 164864K, used 95022K [0x0000000080000000, 0x0000000100000000)
  region size 1024K, 8 young (8192K), 4 survivors (4096K)
 Metaspace       used 78461K, committed 79232K, reserved 495616K
  class space    used 10919K, committed 11264K, reserved 421888K
}
Event: 43.760 GC heap after
{Heap after GC invocations=28 (full 0):
 garbage-first heap   total 164864K, used 89744K [0x0000000080000000, 0x0000000100000000)
  region size 1024K, 1 young (1024K), 1 survivors (1024K)
 Metaspace       used 78461K, committed 79232K, reserved 495616K
  class space    used 10919K, committed 11264K, reserved 421888K
}
Event: 44.209 GC heap before
{Heap before GC invocations=28 (full 0):
 garbage-first heap   total 164864K, used 134800K [0x0000000080000000, 0x0000000100000000)
  region size 1024K, 45 young (46080K), 1 survivors (1024K)
 Metaspace       used 80043K, committed 80896K, reserved 495616K
  class space    used 11151K, committed 11520K, reserved 421888K
}
Event: 44.214 GC heap after
{Heap after GC invocations=29 (full 0):
 garbage-first heap   total 164864K, used 94701K [0x0000000080000000, 0x0000000100000000)
  region size 1024K, 6 young (6144K), 6 survivors (6144K)
 Metaspace       used 80043K, committed 80896K, reserved 495616K
  class space    used 11151K, committed 11520K, reserved 421888K
}
Event: 44.578 GC heap before
{Heap before GC invocations=30 (full 0):
 garbage-first heap   total 164864K, used 138733K [0x0000000080000000, 0x0000000100000000)
  region size 1024K, 46 young (47104K), 6 survivors (6144K)
 Metaspace       used 81631K, committed 82496K, reserved 495616K
  class space    used 11328K, committed 11712K, reserved 421888K
}
Event: 44.584 GC heap after
{Heap after GC invocations=31 (full 0):
 garbage-first heap   total 164864K, used 104723K [0x0000000080000000, 0x0000000100000000)
  region size 1024K, 6 young (6144K), 6 survivors (6144K)
 Metaspace       used 81631K, committed 82496K, reserved 495616K
  class space    used 11328K, committed 11712K, reserved 421888K
}
Event: 44.613 GC heap before
{Heap before GC invocations=31 (full 0):
 garbage-first heap   total 164864K, used 106771K [0x0000000080000000, 0x0000000100000000)
  region size 1024K, 8 young (8192K), 6 survivors (6144K)
 Metaspace       used 81883K, committed 82752K, reserved 495616K
  class space    used 11355K, committed 11712K, reserved 421888K
}
Event: 44.617 GC heap after
{Heap after GC invocations=32 (full 0):
 garbage-first heap   total 261120K, used 104666K [0x0000000080000000, 0x0000000100000000)
  region size 1024K, 1 young (1024K), 1 survivors (1024K)
 Metaspace       used 81883K, committed 82752K, reserved 495616K
  class space    used 11355K, committed 11712K, reserved 421888K
}
Event: 45.448 GC heap before
{Heap before GC invocations=32 (full 0):
 garbage-first heap   total 261120K, used 199898K [0x0000000080000000, 0x0000000100000000)
  region size 1024K, 94 young (96256K), 1 survivors (1024K)
 Metaspace       used 84305K, committed 85248K, reserved 495616K
  class space    used 11734K, committed 12160K, reserved 421888K
}
Event: 45.457 GC heap after
{Heap after GC invocations=33 (full 0):
 garbage-first heap   total 261120K, used 118783K [0x0000000080000000, 0x0000000100000000)
  region size 1024K, 12 young (12288K), 12 survivors (12288K)
 Metaspace       used 84305K, committed 85248K, reserved 495616K
  class space    used 11734K, committed 12160K, reserved 421888K
}
Event: 46.386 GC heap before
{Heap before GC invocations=33 (full 0):
 garbage-first heap   total 261120K, used 201727K [0x0000000080000000, 0x0000000100000000)
  region size 1024K, 93 young (95232K), 12 survivors (12288K)
 Metaspace       used 86264K, committed 87296K, reserved 503808K
  class space    used 12063K, committed 12480K, reserved 421888K
}
Event: 46.394 GC heap after
{Heap after GC invocations=34 (full 0):
 garbage-first heap   total 261120K, used 125957K [0x0000000080000000, 0x0000000100000000)
  region size 1024K, 7 young (7168K), 7 survivors (7168K)
 Metaspace       used 86264K, committed 87296K, reserved 503808K
  class space    used 12063K, committed 12480K, reserved 421888K
}
Event: 48.143 GC heap before
{Heap before GC invocations=34 (full 0):
 garbage-first heap   total 261120K, used 204805K [0x0000000080000000, 0x0000000100000000)
  region size 1024K, 84 young (86016K), 7 survivors (7168K)
 Metaspace       used 89594K, committed 90688K, reserved 503808K
  class space    used 12504K, committed 12992K, reserved 421888K
}
Event: 48.151 GC heap after
{Heap after GC invocations=35 (full 0):
 garbage-first heap   total 261120K, used 135708K [0x0000000080000000, 0x0000000100000000)
  region size 1024K, 10 young (10240K), 10 survivors (10240K)
 Metaspace       used 89594K, committed 90688K, reserved 503808K
  class space    used 12504K, committed 12992K, reserved 421888K
}

